<?xml version="1.0" encoding="UTF-8"?>
<testsuite xmlns:xsi="http://www.w3.org/2001/XMLSchema-instance" xsi:noNamespaceSchemaLocation="https://maven.apache.org/surefire/maven-surefire-plugin/xsd/surefire-test-report-3.0.xsd" version="3.0" name="co.edu.uco.easy.victusresidencias.victus_api.VictusRApplicationTests" time="6.49" tests="1" errors="0" skipped="0" failures="0">
  <properties>
[...]
</properties>
  <testcase name="contextLoads" classname="co.edu.uco.easy.victusresidencias.victus_api.VictusRApplicationTests" time="0.818">
    <system-out><![CDATA[16:39:34.991 [main] INFO org.springframework.test.context.support.AnnotationConfigContextLoaderUtils -- Could not detect default configuration classes for test class [co.edu.uco.easy.victusresidencias.victus_api.VictusRApplicationTests]: VictusRApplicationTests does not declare any static, non-private, non-final, nested classes annotated with @Configuration.
16:39:35.084 [main] INFO org.springframework.boot.test.context.SpringBootTestContextBootstrapper -- Found @SpringBootConfiguration co.edu.uco.easy.victusresidencias.victus_api.VictusRApplication for test class co.edu.uco.easy.victusresidencias.victus_api.VictusRApplicationTests

  .   ____          _            __ _ _
 /\\ / ___'_ __ _ _(_)_ __  __ _ \ \ \ \
( ( )\___ | '_ | '_| | '_ \/ _` | \ \ \ \
 \\/  ___)| |_)| | | | | || (_| |  ) ) ) )
  '  |____| .__|_| |_|_| |_\__, | / / / /
 =========|_|==============|___/=/_/_/_/

 :: Spring Boot ::                (v3.3.5)

2025-07-29T16:39:35.470-05:00  INFO 30428 --- [victusR] [           main] c.e.u.e.v.v.VictusRApplicationTests      : Starting VictusRApplicationTests using Java 23.0.2 with PID 30428 (started by andre in C:\Users\andre\Documents\development2025\SoftwareVICTUS\backendRender\VictusLittleBackend)
2025-07-29T16:39:35.471-05:00  INFO 30428 --- [victusR] [           main] c.e.u.e.v.v.VictusRApplicationTests      : No active profile set, falling back to 1 default profile: "default"
Buen trabajo se conecto a la base de datos
Buen trabajo se conecto a la base de datos
Buen trabajo se conecto a la base de datos
Buen trabajo se conecto a la base de datos
Buen trabajo se conecto a la base de datos
Buen trabajo se conecto a la base de datos
2025-07-29T16:39:40.458-05:00  WARN 30428 --- [victusR] [           main] ion$DefaultTemplateResolverConfiguration : Cannot find template location: classpath:/templates/ (please add some templates, check your Thymeleaf configuration, or set spring.thymeleaf.check-template-location=false)
2025-07-29T16:39:40.509-05:00  INFO 30428 --- [victusR] [           main] c.e.u.e.v.v.VictusRApplicationTests      : Started VictusRApplicationTests in 5.293 seconds (process running for 6.07)
]]></system-out>
    <system-err><![CDATA[WARNING: A Java agent has been loaded dynamically (C:\Users\andre\.m2\repository\net\bytebuddy\byte-buddy-agent\1.14.19\byte-buddy-agent-1.14.19.jar)
WARNING: If a serviceability tool is in use, please run with -XX:+EnableDynamicAgentLoading to hide this warning
WARNING: If a serviceability tool is not in use, please run with -Djdk.instrument.traceUsage for more information
WARNING: Dynamic loading of agents will be disallowed by default in a future release
]]></system-err>
  </testcase>
</testsuite>